Gtk-Message: GtkDialog mapped without a transient parent. This is discouraged.
Gtk-Message: GtkDialog mapped without a transient parent. This is discouraged.
Gtk-Message: GtkDialog mapped without a transient parent. This is discouraged.
Gtk-Message: GtkDialog mapped without a transient parent. This is discouraged.
Gtk-Message: GtkDialog mapped without a transient parent. This is discouraged.
Gtk-Message: GtkDialog mapped without a transient parent. This is discouraged.
Gtk-Message: GtkDialog mapped without a transient parent. This is discouraged.

** (zenity:1969): WARNING **: Couldn't connect to accessibility bus: Failed to connect to socket /tmp/dbus-9Dyjab5NOa: Connexion refusée
Gtk-Message: GtkDialog mapped without a transient parent. This is discouraged.

** (zenity:1999): WARNING **: Couldn't connect to accessibility bus: Failed to connect to socket /tmp/dbus-9Dyjab5NOa: Connexion refusée
Gtk-Message: GtkDialog mapped without a transient parent. This is discouraged.

** (zenity:2002): WARNING **: Couldn't connect to accessibility bus: Failed to connect to socket /tmp/dbus-9Dyjab5NOa: Connexion refusée
Gtk-Message: GtkDialog mapped without a transient parent. This is discouraged.
mkdir: impossible de créer le répertoire «/home/nico/.Softwares-install/Softwares/»: Le fichier existe

** (zenity:2030): WARNING **: Couldn't connect to accessibility bus: Failed to connect to socket /tmp/dbus-9Dyjab5NOa: Connexion refusée
Gtk-Message: GtkDialog mapped without a transient parent. This is discouraged.

** (zenity:2033): WARNING **: Couldn't connect to accessibility bus: Failed to connect to socket /tmp/dbus-9Dyjab5NOa: Connexion refusée
Gtk-Message: GtkDialog mapped without a transient parent. This is discouraged.

** (zenity:2039): WARNING **: Couldn't connect to accessibility bus: Failed to connect to socket /tmp/dbus-9Dyjab5NOa: Connexion refusée
Gtk-Message: GtkDialog mapped without a transient parent. This is discouraged.

** (zenity:2042): WARNING **: Couldn't connect to accessibility bus: Failed to connect to socket /tmp/dbus-9Dyjab5NOa: Connexion refusée
Gtk-Message: GtkDialog mapped without a transient parent. This is discouraged.
Gtk-Message: GtkDialog mapped without a transient parent. This is discouraged.
Gtk-Message: GtkDialog mapped without a transient parent. This is discouraged.
Gtk-Message: GtkDialog mapped without a transient parent. This is discouraged.
Gtk-Message: GtkDialog mapped without a transient parent. This is discouraged.
Gtk-Message: GtkDialog mapped without a transient parent. This is discouraged.
E: Impossible d'obtenir le verrou /var/lib/dpkg/lock-frontend - open (11: Ressource temporairement non disponible)
E: Impossible d'obtenir le verrou de dpkg (/var/lib/dpkg/lock-frontend). Il est possible qu'un autre processus l'utilise.
E: Impossible d'obtenir le verrou /var/lib/dpkg/lock-frontend - open (11: Ressource temporairement non disponible)
E: Impossible d'obtenir le verrou de dpkg (/var/lib/dpkg/lock-frontend). Il est possible qu'un autre processus l'utilise.
Gtk-Message: GtkDialog mapped without a transient parent. This is discouraged.
Gtk-Message: GtkDialog mapped without a transient parent. This is discouraged.
Gtk-Message: GtkDialog mapped without a transient parent. This is discouraged.
Gtk-Message: GtkDialog mapped without a transient parent. This is discouraged.
Gtk-Message: GtkDialog mapped without a transient parent. This is discouraged.
Gtk-Message: GtkDialog mapped without a transient parent. This is discouraged.
Gtk-Message: GtkDialog mapped without a transient parent. This is discouraged.
Gtk-Message: GtkDialog mapped without a transient parent. This is discouraged.
Gtk-Message: GtkDialog mapped without a transient parent. This is discouraged.

** (zenity:2491): WARNING **: Couldn't connect to accessibility bus: Failed to connect to socket /tmp/dbus-K5EU9AaJLJ: Connexion refusée
Gtk-Message: GtkDialog mapped without a transient parent. This is discouraged.

** (zenity:3425): WARNING **: Couldn't connect to accessibility bus: Failed to connect to socket /tmp/dbus-K5EU9AaJLJ: Connexion refusée
Gtk-Message: GtkDialog mapped without a transient parent. This is discouraged.

** (zenity:3428): WARNING **: Couldn't connect to accessibility bus: Failed to connect to socket /tmp/dbus-K5EU9AaJLJ: Connexion refusée
Gtk-Message: GtkDialog mapped without a transient parent. This is discouraged.
Gtk-Message: 17:25:42.474: GtkDialog mapped without a transient parent. This is discouraged.
Gtk-Message: 17:26:07.453: GtkDialog mapped without a transient parent. This is discouraged.
Gtk-Message: 17:26:58.205: GtkDialog mapped without a transient parent. This is discouraged.
Gtk-Message: 17:27:43.834: GtkDialog mapped without a transient parent. This is discouraged.
Gtk-Message: 17:30:57.341: GtkDialog mapped without a transient parent. This is discouraged.
Gtk-Message: 17:32:57.019: GtkDialog mapped without a transient parent. This is discouraged.
Gtk-Message: 17:34:05.599: GtkDialog mapped without a transient parent. This is discouraged.
Gtk-Message: 17:34:23.551: GtkDialog mapped without a transient parent. This is discouraged.
Gtk-Message: 17:36:39.052: GtkDialog mapped without a transient parent. This is discouraged.
Gtk-Message: 17:37:01.615: GtkDialog mapped without a transient parent. This is discouraged.
Gtk-Message: 17:37:32.524: GtkDialog mapped without a transient parent. This is discouraged.
Gtk-Message: 17:37:57.133: GtkDialog mapped without a transient parent. This is discouraged.
Gtk-Message: 17:38:14.343: GtkDialog mapped without a transient parent. This is discouraged.
Gtk-Message: 17:38:45.429: GtkDialog mapped without a transient parent. This is discouraged.
Gtk-Message: 17:39:58.842: GtkDialog mapped without a transient parent. This is discouraged.
Gtk-Message: 17:49:17.659: GtkDialog mapped without a transient parent. This is discouraged.
Gtk-Message: 17:49:53.651: GtkDialog mapped without a transient parent. This is discouraged.
Gtk-Message: 17:50:45.571: GtkDialog mapped without a transient parent. This is discouraged.
Gtk-Message: 17:51:07.757: GtkDialog mapped without a transient parent. This is discouraged.
Gtk-Message: 17:51:50.669: GtkDialog mapped without a transient parent. This is discouraged.
Gtk-Message: 17:52:51.895: GtkDialog mapped without a transient parent. This is discouraged.
Gtk-Message: 17:53:10.345: GtkDialog mapped without a transient parent. This is discouraged.
Gtk-Message: 17:53:29.911: GtkDialog mapped without a transient parent. This is discouraged.
Gtk-Message: 17:54:06.603: GtkDialog mapped without a transient parent. This is discouraged.
Gtk-Message: 17:54:40.618: GtkDialog mapped without a transient parent. This is discouraged.
Gtk-Message: 17:54:50.431: GtkDialog mapped without a transient parent. This is discouraged.
Gtk-Message: 17:56:29.236: GtkDialog mapped without a transient parent. This is discouraged.
Gtk-Message: 17:58:48.498: GtkDialog mapped without a transient parent. This is discouraged.
Gtk-Message: 17:59:52.246: GtkDialog mapped without a transient parent. This is discouraged.
E: Impossible d'ouvrir le fichier verrou /var/lib/dpkg/lock-frontend - open (13: Permission denied)
E: Unable to acquire the dpkg frontend lock (/var/lib/dpkg/lock-frontend), are you root?
E: Impossible d'ouvrir le fichier verrou /var/lib/dpkg/lock-frontend - open (13: Permission denied)
E: Unable to acquire the dpkg frontend lock (/var/lib/dpkg/lock-frontend), are you root?
Gtk-Message: 17:59:57.185: GtkDialog mapped without a transient parent. This is discouraged.
Gtk-Message: 18:12:01.590: GtkDialog mapped without a transient parent. This is discouraged.
Gtk-Message: 18:12:14.708: GtkDialog mapped without a transient parent. This is discouraged.
Gtk-Message: 18:13:10.630: GtkDialog mapped without a transient parent. This is discouraged.
Gtk-Message: 18:13:55.150: GtkDialog mapped without a transient parent. This is discouraged.
Gtk-Message: 18:13:57.598: GtkDialog mapped without a transient parent. This is discouraged.
Gtk-Message: 18:14:19.244: GtkDialog mapped without a transient parent. This is discouraged.
Gtk-Message: 18:14:41.773: GtkDialog mapped without a transient parent. This is discouraged.
Gtk-Message: 18:14:48.724: GtkDialog mapped without a transient parent. This is discouraged.
mkdir: cannot create directory ‘/home/nico/.Softwares-install/Softwares/’: File exists
Gtk-Message: 18:15:35.614: GtkDialog mapped without a transient parent. This is discouraged.
Gtk-Message: 18:15:49.460: GtkDialog mapped without a transient parent. This is discouraged.
Gtk-Message: 18:15:59.317: GtkDialog mapped without a transient parent. This is discouraged.
Gtk-Message: 18:31:41.537: GtkDialog mapped without a transient parent. This is discouraged.
Gtk-Message: 18:32:14.202: GtkDialog mapped without a transient parent. This is discouraged.
Gtk-Message: 18:32:26.369: GtkDialog mapped without a transient parent. This is discouraged.
Gtk-Message: 22:53:55.522: GtkDialog mapped without a transient parent. This is discouraged.
Gtk-Message: 22:54:32.824: GtkDialog mapped without a transient parent. This is discouraged.
Gtk-Message: 22:55:54.237: GtkDialog mapped without a transient parent. This is discouraged.
Gtk-Message: 22:57:50.922: GtkDialog mapped without a transient parent. This is discouraged.
Gtk-Message: 22:58:16.307: GtkDialog mapped without a transient parent. This is discouraged.
Gtk-Message: 22:58:52.438: GtkDialog mapped without a transient parent. This is discouraged.
Gtk-Message: 23:00:49.872: GtkDialog mapped without a transient parent. This is discouraged.
Gtk-Message: 23:01:29.575: GtkDialog mapped without a transient parent. This is discouraged.
Gtk-Message: 23:02:56.959: GtkDialog mapped without a transient parent. This is discouraged.
Gtk-Message: 23:05:17.222: GtkDialog mapped without a transient parent. This is discouraged.
Gtk-Message: 23:06:30.551: GtkDialog mapped without a transient parent. This is discouraged.
Gtk-Message: 23:06:41.533: GtkDialog mapped without a transient parent. This is discouraged.
Gtk-Message: 23:07:16.524: GtkDialog mapped without a transient parent. This is discouraged.
Gtk-Message: 23:08:42.866: GtkDialog mapped without a transient parent. This is discouraged.
Gtk-Message: 23:09:11.780: GtkDialog mapped without a transient parent. This is discouraged.
Gtk-Message: 23:10:07.477: GtkDialog mapped without a transient parent. This is discouraged.
Gtk-Message: 23:10:25.261: GtkDialog mapped without a transient parent. This is discouraged.
Gtk-Message: 23:14:12.026: GtkDialog mapped without a transient parent. This is discouraged.
Gtk-Message: 23:18:19.750: GtkDialog mapped without a transient parent. This is discouraged.
Gtk-Message: 23:18:54.390: GtkDialog mapped without a transient parent. This is discouraged.
Gtk-Message: 23:21:31.229: GtkDialog mapped without a transient parent. This is discouraged.
Gtk-Message: 23:23:04.985: GtkDialog mapped without a transient parent. This is discouraged.
Gtk-Message: 23:24:16.157: GtkDialog mapped without a transient parent. This is discouraged.
Gtk-Message: 23:26:16.875: GtkDialog mapped without a transient parent. This is discouraged.
Gtk-Message: 23:26:28.602: GtkDialog mapped without a transient parent. This is discouraged.
Gtk-Message: 23:28:09.430: GtkDialog mapped without a transient parent. This is discouraged.
Gtk-Message: 23:28:27.121: GtkDialog mapped without a transient parent. This is discouraged.
Gtk-Message: 23:28:58.335: GtkDialog mapped without a transient parent. This is discouraged.
Gtk-Message: 23:30:16.805: GtkDialog mapped without a transient parent. This is discouraged.
Gtk-Message: 23:31:55.661: GtkDialog mapped without a transient parent. This is discouraged.
Gtk-Message: 23:32:07.480: GtkDialog mapped without a transient parent. This is discouraged.
Gtk-Message: 23:32:12.627: GtkDialog mapped without a transient parent. This is discouraged.
Gtk-Message: 23:32:26.716: GtkDialog mapped without a transient parent. This is discouraged.
Gtk-Message: 23:32:30.303: GtkDialog mapped without a transient parent. This is discouraged.
Gtk-Message: 23:32:54.270: GtkDialog mapped without a transient parent. This is discouraged.
Gtk-Message: 23:33:03.389: GtkDialog mapped without a transient parent. This is discouraged.
Gtk-Message: 23:33:13.984: GtkDialog mapped without a transient parent. This is discouraged.
mkdir: cannot create directory ‘/home/nico/.Softwares-install/Softwares/’: File exists
Gtk-Message: 23:43:32.854: GtkDialog mapped without a transient parent. This is discouraged.
Gtk-Message: 00:03:44.835: GtkDialog mapped without a transient parent. This is discouraged.
Gtk-Message: 00:35:35.787: GtkDialog mapped without a transient parent. This is discouraged.
Gtk-Message: 00:37:01.315: GtkDialog mapped without a transient parent. This is discouraged.
Gtk-Message: 00:38:12.570: GtkDialog mapped without a transient parent. This is discouraged.
Gtk-Message: 00:38:23.883: GtkDialog mapped without a transient parent. This is discouraged.
Gtk-Message: 00:40:48.431: GtkDialog mapped without a transient parent. This is discouraged.
Gtk-Message: 00:42:26.311: GtkDialog mapped without a transient parent. This is discouraged.
Gtk-Message: 00:43:36.794: GtkDialog mapped without a transient parent. This is discouraged.
Gtk-Message: 00:44:29.254: GtkDialog mapped without a transient parent. This is discouraged.
Gtk-Message: 00:46:20.249: GtkDialog mapped without a transient parent. This is discouraged.
Gtk-Message: 00:46:58.925: GtkDialog mapped without a transient parent. This is discouraged.
Gtk-Message: 00:51:48.946: GtkDialog mapped without a transient parent. This is discouraged.
Gtk-Message: 00:53:16.101: GtkDialog mapped without a transient parent. This is discouraged.
Gtk-Message: 00:54:57.838: GtkDialog mapped without a transient parent. This is discouraged.
Gtk-Message: 01:00:13.201: GtkDialog mapped without a transient parent. This is discouraged.
Gtk-Message: 01:02:21.919: GtkDialog mapped without a transient parent. This is discouraged.
Gtk-Message: 01:04:00.010: GtkDialog mapped without a transient parent. This is discouraged.
Gtk-Message: 01:07:52.584: GtkDialog mapped without a transient parent. This is discouraged.
Gtk-Message: 01:12:21.057: GtkDialog mapped without a transient parent. This is discouraged.
Gtk-Message: 01:14:22.934: GtkDialog mapped without a transient parent. This is discouraged.
Gtk-Message: 01:16:36.947: GtkDialog mapped without a transient parent. This is discouraged.
Gtk-Message: 01:18:08.719: GtkDialog mapped without a transient parent. This is discouraged.
Gtk-Message: 01:19:02.948: GtkDialog mapped without a transient parent. This is discouraged.
Gtk-Message: 12:39:01.983: GtkDialog mapped without a transient parent. This is discouraged.
Gtk-Message: 12:41:12.462: GtkDialog mapped without a transient parent. This is discouraged.
Gtk-Message: 12:41:52.000: GtkDialog mapped without a transient parent. This is discouraged.
Gtk-Message: 12:43:51.951: GtkDialog mapped without a transient parent. This is discouraged.
Gtk-Message: 12:44:52.255: GtkDialog mapped without a transient parent. This is discouraged.
Gtk-Message: 12:47:17.483: GtkDialog mapped without a transient parent. This is discouraged.
Gtk-Message: 12:47:34.004: GtkDialog mapped without a transient parent. This is discouraged.
Gtk-Message: 12:52:54.053: GtkDialog mapped without a transient parent. This is discouraged.
Gtk-Message: 12:53:29.137: GtkDialog mapped without a transient parent. This is discouraged.
Gtk-Message: 12:55:59.772: GtkDialog mapped without a transient parent. This is discouraged.
Gtk-Message: 12:57:47.711: GtkDialog mapped without a transient parent. This is discouraged.
Gtk-Message: 13:01:44.296: GtkDialog mapped without a transient parent. This is discouraged.
Gtk-Message: 13:04:21.427: GtkDialog mapped without a transient parent. This is discouraged.
Gtk-Message: 13:06:17.197: GtkDialog mapped without a transient parent. This is discouraged.
Gtk-Message: 13:06:18.818: GtkDialog mapped without a transient parent. This is discouraged.
Gtk-Message: 13:06:19.887: GtkDialog mapped without a transient parent. This is discouraged.
Gtk-Message: 14:35:45.884: GtkDialog mapped without a transient parent. This is discouraged.
Gtk-Message: 14:35:59.839: GtkDialog mapped without a transient parent. This is discouraged.
Gtk-Message: 16:32:18.778: GtkDialog mapped without a transient parent. This is discouraged.
Gtk-Message: 16:32:32.566: GtkDialog mapped without a transient parent. This is discouraged.
Gtk-Message: 16:32:33.840: GtkDialog mapped without a transient parent. This is discouraged.
Gtk-Message: 16:32:34.523: GtkDialog mapped without a transient parent. This is discouraged.
Gtk-Message: 17:19:19.178: GtkDialog mapped without a transient parent. This is discouraged.
Gtk-Message: 17:19:33.951: GtkDialog mapped without a transient parent. This is discouraged.
Gtk-Message: 17:19:37.727: GtkDialog mapped without a transient parent. This is discouraged.
Gtk-Message: 17:19:38.961: GtkDialog mapped without a transient parent. This is discouraged.
Gtk-Message: 17:43:23.126: GtkDialog mapped without a transient parent. This is discouraged.
Gtk-Message: 17:46:31.301: GtkDialog mapped without a transient parent. This is discouraged.
Gtk-Message: 17:50:40.479: GtkDialog mapped without a transient parent. This is discouraged.
Gtk-Message: 17:52:48.303: GtkDialog mapped without a transient parent. This is discouraged.
Gtk-Message: 17:56:22.114: GtkDialog mapped without a transient parent. This is discouraged.
Gtk-Message: 18:10:51.488: GtkDialog mapped without a transient parent. This is discouraged.
Gtk-Message: 18:13:23.536: GtkDialog mapped without a transient parent. This is discouraged.
Gtk-Message: 18:15:01.115: GtkDialog mapped without a transient parent. This is discouraged.
Gtk-Message: 18:16:30.823: GtkDialog mapped without a transient parent. This is discouraged.
Gtk-Message: 18:20:17.676: GtkDialog mapped without a transient parent. This is discouraged.
Gtk-Message: 18:22:49.646: GtkDialog mapped without a transient parent. This is discouraged.
Gtk-Message: 18:24:39.790: GtkDialog mapped without a transient parent. This is discouraged.
Gtk-Message: 18:25:21.943: GtkDialog mapped without a transient parent. This is discouraged.
Gtk-Message: 18:34:28.218: GtkDialog mapped without a transient parent. This is discouraged.
Gtk-Message: 18:35:26.419: GtkDialog mapped without a transient parent. This is discouraged.
Gtk-Message: 21:20:50.091: GtkDialog mapped without a transient parent. This is discouraged.
Gtk-Message: 21:22:38.232: GtkDialog mapped without a transient parent. This is discouraged.
Gtk-Message: 21:31:53.100: GtkDialog mapped without a transient parent. This is discouraged.
Gtk-Message: 21:35:42.820: GtkDialog mapped without a transient parent. This is discouraged.
Gtk-Message: 21:37:41.328: GtkDialog mapped without a transient parent. This is discouraged.
Gtk-Message: 21:43:53.992: GtkDialog mapped without a transient parent. This is discouraged.
Gtk-Message: 21:34:07.834: GtkDialog mapped without a transient parent. This is discouraged.
Gtk-Message: 21:35:07.530: GtkDialog mapped without a transient parent. This is discouraged.
Gtk-Message: 21:36:39.571: GtkDialog mapped without a transient parent. This is discouraged.
Gtk-Message: 21:37:35.658: GtkDialog mapped without a transient parent. This is discouraged.
Gtk-Message: 22:50:05.127: GtkDialog mapped without a transient parent. This is discouraged.
Gtk-Message: 22:20:33.578: GtkDialog mapped without a transient parent. This is discouraged.
Gtk-Message: 22:53:25.951: GtkDialog mapped without a transient parent. This is discouraged.
Gtk-Message: 22:54:11.851: GtkDialog mapped without a transient parent. This is discouraged.
Gtk-Message: 22:56:06.355: GtkDialog mapped without a transient parent. This is discouraged.
Gtk-Message: 22:59:00.452: GtkDialog mapped without a transient parent. This is discouraged.
Gtk-Message: 23:04:50.019: GtkDialog mapped without a transient parent. This is discouraged.
Gtk-Message: 23:07:49.706: GtkDialog mapped without a transient parent. This is discouraged.
