


Lecture des listes de paquets…
Construction de l'arbre des dépendances…
Lecture des informations d'état…
zenity est déjà la version la plus récente (3.28.1-1).
0 mis à jour, 0 nouvellement installés, 0 à enlever et 471 non mis à jour.
Lecture des listes de paquets…
Construction de l'arbre des dépendances…
Lecture des informations d'état…
zip est déjà la version la plus récente (3.0-11build1).
0 mis à jour, 0 nouvellement installés, 0 à enlever et 471 non mis à jour.
Lecture des listes de paquets…
Construction de l'arbre des dépendances…
Lecture des informations d'état…
zenity est déjà la version la plus récente (3.28.1-1).
Les paquets suivants ont été installés automatiquement et ne sont plus nécessaires :
  gdal-bin gdal-data libarmadillo8 libdap25 libdapclient6v5 libepsilon1
  libfreexl1 libfyba0 libgdal20 libgeos-3.6.2 libgeos-c1v5 libgeotiff2
  libhdf4-0-alt libkmlbase1 libkmldom1 libkmlengine1 libmapnik3.0 libminizip1
  libmysqlclient20 libnetcdf13 libogdi3.2 libpq5 libproj12 libspatialite7
  libsuperlu5 liburiparser1 mapnik-utils odbcinst odbcinst1debian2 proj-data
  ttf-unifont
Veuillez utiliser « sudo apt autoremove » pour les supprimer.
0 mis à jour, 0 nouvellement installés, 0 à enlever et 471 non mis à jour.
Lecture des listes de paquets…
Construction de l'arbre des dépendances…
Lecture des informations d'état…
zip est déjà la version la plus récente (3.0-11build1).
Les paquets suivants ont été installés automatiquement et ne sont plus nécessaires :
  gdal-bin gdal-data libarmadillo8 libdap25 libdapclient6v5 libepsilon1
  libfreexl1 libfyba0 libgdal20 libgeos-3.6.2 libgeos-c1v5 libgeotiff2
  libhdf4-0-alt libkmlbase1 libkmldom1 libkmlengine1 libmapnik3.0 libminizip1
  libmysqlclient20 libnetcdf13 libogdi3.2 libpq5 libproj12 libspatialite7
  libsuperlu5 liburiparser1 mapnik-utils odbcinst odbcinst1debian2 proj-data
  ttf-unifont
Veuillez utiliser « sudo apt autoremove » pour les supprimer.
0 mis à jour, 0 nouvellement installés, 0 à enlever et 471 non mis à jour.
Lecture des listes de paquets…
Construction de l'arbre des dépendances…
Lecture des informations d'état…
git est déjà la version la plus récente (1:2.17.1-1ubuntu0.4).
Les paquets suivants ont été installés automatiquement et ne sont plus nécessaires :
  gdal-bin gdal-data libarmadillo8 libdap25 libdapclient6v5 libepsilon1
  libfreexl1 libfyba0 libgdal20 libgeos-3.6.2 libgeos-c1v5 libgeotiff2
  libhdf4-0-alt libkmlbase1 libkmldom1 libkmlengine1 libmapnik3.0 libminizip1
  libmysqlclient20 libnetcdf13 libogdi3.2 libpq5 libproj12 libspatialite7
  libsuperlu5 liburiparser1 mapnik-utils odbcinst odbcinst1debian2 proj-data
  ttf-unifont
Veuillez utiliser « sudo apt autoremove » pour les supprimer.
0 mis à jour, 0 nouvellement installés, 0 à enlever et 471 non mis à jour.
Lecture des listes de paquets…
Construction de l'arbre des dépendances…
Lecture des informations d'état…
zenity est déjà la version la plus récente (3.28.1-1).
Les paquets suivants ont été installés automatiquement et ne sont plus nécessaires :
  gdal-bin gdal-data libarmadillo8 libdap25 libdapclient6v5 libepsilon1
  libfreexl1 libfyba0 libgdal20 libgeos-3.6.2 libgeos-c1v5 libgeotiff2
  libhdf4-0-alt libkmlbase1 libkmldom1 libkmlengine1 libmapnik3.0 libminizip1
  libmysqlclient20 libnetcdf13 libogdi3.2 libpq5 libproj12 libspatialite7
  libsuperlu5 liburiparser1 mapnik-utils odbcinst odbcinst1debian2 proj-data
  ttf-unifont
Veuillez utiliser « sudo apt autoremove » pour les supprimer.
0 mis à jour, 0 nouvellement installés, 0 à enlever et 471 non mis à jour.
Lecture des listes de paquets…
Construction de l'arbre des dépendances…
Lecture des informations d'état…
zip est déjà la version la plus récente (3.0-11build1).
Les paquets suivants ont été installés automatiquement et ne sont plus nécessaires :
  gdal-bin gdal-data libarmadillo8 libdap25 libdapclient6v5 libepsilon1
  libfreexl1 libfyba0 libgdal20 libgeos-3.6.2 libgeos-c1v5 libgeotiff2
  libhdf4-0-alt libkmlbase1 libkmldom1 libkmlengine1 libmapnik3.0 libminizip1
  libmysqlclient20 libnetcdf13 libogdi3.2 libpq5 libproj12 libspatialite7
  libsuperlu5 liburiparser1 mapnik-utils odbcinst odbcinst1debian2 proj-data
  ttf-unifont
Veuillez utiliser « sudo apt autoremove » pour les supprimer.
0 mis à jour, 0 nouvellement installés, 0 à enlever et 471 non mis à jour.
Lecture des listes de paquets…
Construction de l'arbre des dépendances…
Lecture des informations d'état…
git est déjà la version la plus récente (1:2.17.1-1ubuntu0.4).
Les paquets suivants ont été installés automatiquement et ne sont plus nécessaires :
  gdal-bin gdal-data libarmadillo8 libdap25 libdapclient6v5 libepsilon1
  libfreexl1 libfyba0 libgdal20 libgeos-3.6.2 libgeos-c1v5 libgeotiff2
  libhdf4-0-alt libkmlbase1 libkmldom1 libkmlengine1 libmapnik3.0 libminizip1
  libmysqlclient20 libnetcdf13 libogdi3.2 libpq5 libproj12 libspatialite7
  libsuperlu5 liburiparser1 mapnik-utils odbcinst odbcinst1debian2 proj-data
  ttf-unifont
Veuillez utiliser « sudo apt autoremove » pour les supprimer.
0 mis à jour, 0 nouvellement installés, 0 à enlever et 471 non mis à jour.
