Lecture des listes de paquets…
Construction de l'arbre des dépendances…
Lecture des informations d'état…
snap est déjà la version la plus récente (2013-11-29-9).
0 mis à jour, 0 nouvellement installés, 0 à enlever et 136 non mis à jour.
Lecture des listes de paquets…
Construction de l'arbre des dépendances…
Lecture des informations d'état…
zenity est déjà la version la plus récente (3.32.0-5).
0 mis à jour, 0 nouvellement installés, 0 à enlever et 136 non mis à jour.
Lecture des listes de paquets…
Construction de l'arbre des dépendances…
Lecture des informations d'état…
tree est déjà la version la plus récente (1.8.0-1).
0 mis à jour, 0 nouvellement installés, 0 à enlever et 136 non mis à jour.
Lecture des listes de paquets…
Construction de l'arbre des dépendances…
Lecture des informations d'état…
hardinfo est déjà la version la plus récente (0.5.1+git20180227-2).
0 mis à jour, 0 nouvellement installés, 0 à enlever et 136 non mis à jour.
Lecture des listes de paquets…
Construction de l'arbre des dépendances…
Lecture des informations d'état…
zip est déjà la version la plus récente (3.0-11build1).
0 mis à jour, 0 nouvellement installés, 0 à enlever et 136 non mis à jour.
